<?xml version="1.0" encoding="UTF-8"?>
<!-- Generated by org.testng.reporters.JUnitReportReporter -->
<testsuite hostname="Samis-MacBook-Pro.local" name="Runner.CucumberRunner" tests="1" failures="0" timestamp="25 May 2019 07:25:52 GMT" time="0.405" errors="0">
  <testcase name="feature" time="0.405" classname="Runner.CucumberRunner"/>
</testsuite> <!-- Runner.CucumberRunner -->
