<?xml version="1.0" encoding="UTF-8"?>
<!-- Generated by org.testng.reporters.JUnitReportReporter -->
<testsuite hostname="Samis-MacBook-Pro.local" name="Runner.CucumberRunner" tests="1" failures="0" timestamp="6 May 2019 23:54:24 GMT" time="0.716" errors="0">
  <testcase name="feature" time="0.716" classname="Runner.CucumberRunner"/>
</testsuite> <!-- Runner.CucumberRunner -->
